2024-03-16 03:38:35 - [INFO] [200] - Page not found
2024-03-16 03:38:35 - [INFO] [200] - Internal server error
2024-03-16 03:38:35 - [ERROR] [404] - User accessed webpage successfully
2024-03-16 03:38:35 - [WARNING] [500] - Access denied
2024-03-16 03:41:06 - [INFO] [200] - User accessed webpage successfully
2024-03-16 03:41:06 - [INFO] [200] - Page not found
2024-03-16 03:41:06 - [ERROR] [404] - Internal server error
2024-03-16 03:41:06 - [WARNING] [500] - User accessed webpage successfully
2024-03-16 06:10:44 - [INFO] [200] - Page not found
2024-03-16 06:10:44 - [INFO] [200] - Access denied
2024-03-16 06:10:44 - [ERROR] [404] - Page not found
2024-03-16 06:10:44 - [WARNING] [500] - User accessed webpage successfully
2024-03-16 06:11:44 - [INFO] [200] - Page not found
2024-03-16 06:11:44 - [INFO] [200] - Internal server error
2024-03-16 06:11:44 - [ERROR] [404] - Internal server error
2024-03-16 06:11:44 - [WARNING] [500] - Access denied
2024-03-16 06:11:48 - [INFO] [200] - Page not found
2024-03-16 06:11:48 - [INFO] [200] - Invalid credentials
2024-03-16 06:11:48 - [ERROR] [404] - Access denied
2024-03-16 06:11:48 - [WARNING] [500] - User accessed webpage successfully
2024-03-16 06:12:44 - [INFO] [200] - Internal server error
2024-03-16 06:12:44 - [INFO] [200] - Invalid credentials
2024-03-16 06:12:44 - [ERROR] [404] - User accessed webpage successfully
2024-03-16 06:12:44 - [WARNING] [500] - Page not found
2024-03-16 06:13:44 - [INFO] [200] - Page not found
2024-03-16 06:13:44 - [INFO] [200] - Internal server error
2024-03-16 06:13:44 - [ERROR] [404] - Page not found
2024-03-16 06:13:44 - [WARNING] [500] - Invalid credentials
2024-03-16 06:14:44 - [INFO] [200] - User accessed webpage successfully
2024-03-16 06:14:44 - [INFO] [200] - Internal server error
2024-03-16 06:14:44 - [ERROR] [404] - User accessed webpage successfully
2024-03-16 06:14:44 - [WARNING] [500] - Page not found
2024-03-16 06:15:44 - [INFO] [200] - Page not found
2024-03-16 06:15:44 - [INFO] [200] - Access denied
2024-03-16 06:15:44 - [ERROR] [404] - Access denied
2024-03-16 06:15:44 - [WARNING] [500] - Page not found
2024-03-16 06:16:44 - [INFO] [200] - Invalid credentials
2024-03-16 06:16:44 - [INFO] [200] - User accessed webpage successfully
2024-03-16 06:16:44 - [ERROR] [404] - Invalid credentials
2024-03-16 06:16:44 - [WARNING] [500] - Page not found
2024-03-16 06:17:44 - [INFO] [200] - Page not found
2024-03-16 06:17:44 - [INFO] [200] - Access denied
2024-03-16 06:17:44 - [ERROR] [404] - Page not found
2024-03-16 06:17:44 - [WARNING] [500] - Invalid credentials
2024-03-16 06:18:44 - [INFO] [200] - Access denied
2024-03-16 06:18:44 - [INFO] [200] - Invalid credentials
2024-03-16 06:18:44 - [ERROR] [404] - Page not found
2024-03-16 06:18:44 - [WARNING] [500] - Page not found
2024-03-16 06:19:44 - [INFO] [200] - Page not found
2024-03-16 06:19:44 - [INFO] [200] - Invalid credentials
2024-03-16 06:19:44 - [ERROR] [404] - Access denied
2024-03-16 06:19:44 - [WARNING] [500] - Access denied
2024-03-16 06:20:44 - [INFO] [200] - Access denied
2024-03-16 06:20:44 - [INFO] [200] - Internal server error
2024-03-16 06:20:44 - [ERROR] [404] - User accessed webpage successfully
2024-03-16 06:20:44 - [WARNING] [500] - Invalid credentials
2024-03-16 06:21:44 - [INFO] [200] - Page not found
2024-03-16 06:21:44 - [INFO] [200] - Internal server error
2024-03-16 06:21:44 - [ERROR] [404] - Page not found
2024-03-16 06:21:44 - [WARNING] [500] - Access denied
2024-03-16 06:22:44 - [INFO] [200] - Access denied
2024-03-16 06:22:44 - [INFO] [200] - Access denied
2024-03-16 06:22:44 - [ERROR] [404] - Invalid credentials
2024-03-16 06:22:44 - [WARNING] [500] - Invalid credentials
2024-03-16 06:23:44 - [INFO] [200] - Invalid credentials
2024-03-16 06:23:44 - [INFO] [200] - User accessed webpage successfully
2024-03-16 06:23:44 - [ERROR] [404] - Invalid credentials
2024-03-16 06:23:44 - [WARNING] [500] - User accessed webpage successfully
2024-03-16 06:24:44 - [INFO] [200] - User accessed webpage successfully
2024-03-16 06:24:44 - [INFO] [200] - Internal server error
2024-03-16 06:24:44 - [ERROR] [404] - Invalid credentials
2024-03-16 06:24:44 - [WARNING] [500] - User accessed webpage successfully
2024-03-16 06:25:44 - [INFO] [200] - Page not found
2024-03-16 06:25:44 - [INFO] [200] - Invalid credentials
2024-03-16 06:25:44 - [ERROR] [404] - User accessed webpage successfully
2024-03-16 06:25:44 - [WARNING] [500] - Invalid credentials
2024-03-16 06:26:44 - [INFO] [200] - Access denied
2024-03-16 06:26:44 - [INFO] [200] - Invalid credentials
2024-03-16 06:26:44 - [ERROR] [404] - Invalid credentials
2024-03-16 06:26:44 - [WARNING] [500] - User accessed webpage successfully
2024-03-16 06:27:44 - [INFO] [200] - User accessed webpage successfully
2024-03-16 06:27:44 - [INFO] [200] - User accessed webpage successfully
2024-03-16 06:27:44 - [ERROR] [404] - Access denied
2024-03-16 06:27:44 - [WARNING] [500] - Internal server error
2024-03-16 06:28:44 - [INFO] [200] - Access denied
2024-03-16 06:28:44 - [INFO] [200] - User accessed webpage successfully
2024-03-16 06:28:44 - [ERROR] [404] - Internal server error
2024-03-16 06:28:44 - [WARNING] [500] - Internal server error
2024-03-16 06:29:44 - [INFO] [200] - Page not found
2024-03-16 06:29:44 - [INFO] [200] - Page not found
2024-03-16 06:29:44 - [ERROR] [404] - Access denied
2024-03-16 06:29:44 - [WARNING] [500] - User accessed webpage successfully
2024-03-16 06:30:44 - [INFO] [200] - Access denied
2024-03-16 06:30:44 - [INFO] [200] - Access denied
2024-03-16 06:30:44 - [ERROR] [404] - Page not found
2024-03-16 06:30:44 - [WARNING] [500] - Internal server error
2024-03-16 06:31:44 - [INFO] [200] - Invalid credentials
2024-03-16 06:31:44 - [INFO] [200] - Page not found
2024-03-16 06:31:44 - [ERROR] [404] - Access denied
2024-03-16 06:31:44 - [WARNING] [500] - Access denied
2024-03-16 06:32:44 - [INFO] [200] - Internal server error
2024-03-16 06:32:44 - [INFO] [200] - Page not found
2024-03-16 06:32:44 - [ERROR] [404] - Invalid credentials
2024-03-16 06:32:44 - [WARNING] [500] - Access denied
2024-03-16 06:33:44 - [INFO] [200] - Access denied
2024-03-16 06:33:44 - [INFO] [200] - Invalid credentials
2024-03-16 06:33:44 - [ERROR] [404] - Invalid credentials
2024-03-16 06:33:44 - [WARNING] [500] - Invalid credentials
2024-03-16 06:34:44 - [INFO] [200] - Invalid credentials
2024-03-16 06:34:44 - [INFO] [200] - Page not found
2024-03-16 06:34:44 - [ERROR] [404] - Invalid credentials
2024-03-16 06:34:44 - [WARNING] [500] - Internal server error
2024-03-16 06:35:44 - [INFO] [200] - Internal server error
2024-03-16 06:35:44 - [INFO] [200] - Internal server error
2024-03-16 06:35:44 - [ERROR] [404] - Internal server error
2024-03-16 06:35:44 - [WARNING] [500] - Internal server error
2024-03-16 06:36:44 - [INFO] [200] - Access denied
2024-03-16 06:36:44 - [INFO] [200] - User accessed webpage successfully
2024-03-16 06:36:44 - [ERROR] [404] - Invalid credentials
2024-03-16 06:36:44 - [WARNING] [500] - Access denied
2024-03-16 06:37:28 - [INFO] [200] - Invalid credentials
2024-03-16 06:37:28 - [INFO] [200] - Access denied
2024-03-16 06:37:28 - [ERROR] [404] - Page not found
2024-03-16 06:37:28 - [WARNING] [500] - Invalid credentials
2024-03-16 06:38:28 - [INFO] [200] - Access denied
2024-03-16 06:38:28 - [INFO] [200] - Internal server error
2024-03-16 06:38:28 - [ERROR] [404] - Page not found
2024-03-16 06:38:28 - [WARNING] [500] - Internal server error
2024-03-16 06:39:28 - [INFO] [200] - Access denied
2024-03-16 06:39:28 - [INFO] [200] - Internal server error
2024-03-16 06:39:28 - [ERROR] [404] - Access denied
2024-03-16 06:39:28 - [WARNING] [500] - Page not found
2024-03-16 06:40:28 - [INFO] [200] - Internal server error
2024-03-16 06:40:28 - [INFO] [200] - Internal server error
2024-03-16 06:40:28 - [ERROR] [404] - Page not found
2024-03-16 06:40:28 - [WARNING] [500] - Access denied
2024-03-16 06:41:28 - [INFO] [200] - User accessed webpage successfully
2024-03-16 06:41:28 - [INFO] [200] - Access denied
2024-03-16 06:41:28 - [ERROR] [404] - User accessed webpage successfully
2024-03-16 06:41:28 - [WARNING] [500] - Access denied
2024-03-16 06:42:28 - [INFO] [200] - Internal server error
2024-03-16 06:42:28 - [INFO] [200] - Page not found
2024-03-16 06:42:28 - [ERROR] [404] - Invalid credentials
2024-03-16 06:42:28 - [WARNING] [500] - Invalid credentials
2024-03-16 06:43:28 - [INFO] [200] - User accessed webpage successfully
2024-03-16 06:43:28 - [INFO] [200] - Internal server error
2024-03-16 06:43:28 - [ERROR] [404] - Access denied
2024-03-16 06:43:28 - [WARNING] [500] - Access denied
2024-03-16 06:44:28 - [INFO] [200] - Internal server error
2024-03-16 06:44:28 - [INFO] [200] - Invalid credentials
2024-03-16 06:44:28 - [ERROR] [404] - Internal server error
2024-03-16 06:44:28 - [WARNING] [500] - Internal server error
2024-03-16 06:45:28 - [INFO] [200] - Internal server error
2024-03-16 06:45:28 - [INFO] [200] - User accessed webpage successfully
2024-03-16 06:45:28 - [ERROR] [404] - Access denied
2024-03-16 06:45:28 - [WARNING] [500] - Internal server error
2024-03-16 06:46:28 - [INFO] [200] - Invalid credentials
2024-03-16 06:46:28 - [INFO] [200] - Invalid credentials
2024-03-16 06:46:28 - [ERROR] [404] - Internal server error
2024-03-16 06:46:28 - [WARNING] [500] - Invalid credentials
2024-03-16 06:47:28 - [INFO] [200] - Access denied
2024-03-16 06:47:28 - [INFO] [200] - Page not found
2024-03-16 06:47:28 - [ERROR] [404] - User accessed webpage successfully
2024-03-16 06:47:28 - [WARNING] [500] - Internal server error
2024-03-16 06:48:28 - [INFO] [200] - User accessed webpage successfully
2024-03-16 06:48:28 - [INFO] [200] - Page not found
2024-03-16 06:48:28 - [ERROR] [404] - Internal server error
2024-03-16 06:48:28 - [WARNING] [500] - Invalid credentials
2024-03-16 06:49:28 - [INFO] [200] - Internal server error
2024-03-16 06:49:28 - [INFO] [200] - Access denied
2024-03-16 06:49:28 - [ERROR] [404] - Page not found
2024-03-16 06:49:28 - [WARNING] [500] - Internal server error
2024-03-16 06:50:28 - [INFO] [200] - Invalid credentials
2024-03-16 06:50:28 - [INFO] [200] - User accessed webpage successfully
2024-03-16 06:50:28 - [ERROR] [404] - Invalid credentials
2024-03-16 06:50:28 - [WARNING] [500] - Access denied
2024-03-16 06:51:28 - [INFO] [200] - Invalid credentials
2024-03-16 06:51:28 - [INFO] [200] - Invalid credentials
2024-03-16 06:51:28 - [ERROR] [404] - Internal server error
2024-03-16 06:51:28 - [WARNING] [500] - Invalid credentials
2024-03-16 06:52:28 - [INFO] [200] - User accessed webpage successfully
2024-03-16 06:52:28 - [INFO] [200] - Invalid credentials
2024-03-16 06:52:28 - [ERROR] [404] - Invalid credentials
2024-03-16 06:52:28 - [WARNING] [500] - User accessed webpage successfully
2024-03-16 06:53:28 - [INFO] [200] - Invalid credentials
2024-03-16 06:53:28 - [INFO] [200] - Access denied
2024-03-16 06:53:28 - [ERROR] [404] - User accessed webpage successfully
2024-03-16 06:53:28 - [WARNING] [500] - Internal server error
2024-03-16 06:54:28 - [INFO] [200] - Access denied
2024-03-16 06:54:28 - [INFO] [200] - Internal server error
2024-03-16 06:54:28 - [ERROR] [404] - Page not found
2024-03-16 06:54:28 - [WARNING] [500] - Page not found
2024-03-16 06:55:28 - [INFO] [200] - Invalid credentials
2024-03-16 06:55:28 - [INFO] [200] - Page not found
2024-03-16 06:55:28 - [ERROR] [404] - Invalid credentials
2024-03-16 06:55:28 - [WARNING] [500] - Internal server error
2024-03-16 06:56:28 - [INFO] [200] - Internal server error
2024-03-16 06:56:28 - [INFO] [200] - Internal server error
2024-03-16 06:56:28 - [ERROR] [404] - Access denied
2024-03-16 06:56:28 - [WARNING] [500] - Internal server error
2024-03-16 06:57:28 - [INFO] [200] - Page not found
2024-03-16 06:57:28 - [INFO] [200] - Access denied
2024-03-16 06:57:28 - [ERROR] [404] - User accessed webpage successfully
2024-03-16 06:57:28 - [WARNING] [500] - Invalid credentials
2024-03-16 06:58:28 - [INFO] [200] - User accessed webpage successfully
2024-03-16 06:58:28 - [INFO] [200] - Access denied
2024-03-16 06:58:28 - [ERROR] [404] - Access denied
2024-03-16 06:58:28 - [WARNING] [500] - Internal server error
2024-03-16 06:59:28 - [INFO] [200] - Invalid credentials
2024-03-16 06:59:28 - [INFO] [200] - Internal server error
2024-03-16 06:59:28 - [ERROR] [404] - Page not found
2024-03-16 06:59:28 - [WARNING] [500] - Page not found
2024-03-16 07:00:28 - [INFO] [200] - Invalid credentials
2024-03-16 07:00:28 - [INFO] [200] - User accessed webpage successfully
2024-03-16 07:00:28 - [ERROR] [404] - Access denied
2024-03-16 07:00:28 - [WARNING] [500] - Access denied
2024-03-16 07:01:28 - [INFO] [200] - Access denied
2024-03-16 07:01:28 - [INFO] [200] - Invalid credentials
2024-03-16 07:01:28 - [ERROR] [404] - Page not found
2024-03-16 07:01:28 - [WARNING] [500] - Page not found
2024-03-16 07:02:28 - [INFO] [200] - User accessed webpage successfully
2024-03-16 07:02:28 - [INFO] [200] - User accessed webpage successfully
2024-03-16 07:02:28 - [ERROR] [404] - Invalid credentials
2024-03-16 07:02:28 - [WARNING] [500] - Internal server error
2024-03-16 07:03:28 - [INFO] [200] - Access denied
2024-03-16 07:03:28 - [INFO] [200] - Internal server error
2024-03-16 07:03:28 - [ERROR] [404] - Internal server error
2024-03-16 07:03:28 - [WARNING] [500] - User accessed webpage successfully
2024-03-16 07:04:28 - [INFO] [200] - User accessed webpage successfully
2024-03-16 07:04:28 - [INFO] [200] - Invalid credentials
2024-03-16 07:04:28 - [ERROR] [404] - Internal server error
2024-03-16 07:04:28 - [WARNING] [500] - Page not found
2024-03-16 07:05:28 - [INFO] [200] - Page not found
2024-03-16 07:05:28 - [INFO] [200] - Page not found
2024-03-16 07:05:28 - [ERROR] [404] - User accessed webpage successfully
2024-03-16 07:05:28 - [WARNING] [500] - Page not found
2024-03-16 07:06:28 - [INFO] [200] - Internal server error
2024-03-16 07:06:28 - [INFO] [200] - Invalid credentials
2024-03-16 07:06:28 - [ERROR] [404] - Access denied
2024-03-16 07:06:28 - [WARNING] [500] - Internal server error
2024-03-16 07:07:28 - [INFO] [200] - Page not found
2024-03-16 07:07:28 - [INFO] [200] - Page not found
2024-03-16 07:07:28 - [ERROR] [404] - Access denied
2024-03-16 07:07:28 - [WARNING] [500] - Access denied
2024-03-16 07:08:28 - [INFO] [200] - User accessed webpage successfully
2024-03-16 07:08:28 - [INFO] [200] - Internal server error
2024-03-16 07:08:28 - [ERROR] [404] - Internal server error
2024-03-16 07:08:28 - [WARNING] [500] - User accessed webpage successfully
2024-03-16 07:09:28 - [INFO] [200] - Access denied
2024-03-16 07:09:28 - [INFO] [200] - Invalid credentials
2024-03-16 07:09:28 - [ERROR] [404] - Access denied
2024-03-16 07:09:28 - [WARNING] [500] - Invalid credentials
2024-03-16 07:10:28 - [INFO] [200] - Invalid credentials
2024-03-16 07:10:28 - [INFO] [200] - Invalid credentials
2024-03-16 07:10:28 - [ERROR] [404] - Access denied
2024-03-16 07:10:28 - [WARNING] [500] - Access denied
2024-03-16 07:11:28 - [INFO] [200] - User accessed webpage successfully
2024-03-16 07:11:28 - [INFO] [200] - Internal server error
2024-03-16 07:11:28 - [ERROR] [404] - Internal server error
2024-03-16 07:11:28 - [WARNING] [500] - Invalid credentials
2024-03-16 07:12:28 - [INFO] [200] - Invalid credentials
2024-03-16 07:12:28 - [INFO] [200] - Internal server error
2024-03-16 07:12:28 - [ERROR] [404] - User accessed webpage successfully
2024-03-16 07:12:28 - [WARNING] [500] - Access denied
2024-03-16 07:13:28 - [INFO] [200] - User accessed webpage successfully
2024-03-16 07:13:28 - [INFO] [200] - Invalid credentials
2024-03-16 07:13:28 - [ERROR] [404] - User accessed webpage successfully
2024-03-16 07:13:28 - [WARNING] [500] - Access denied
2024-03-16 07:14:28 - [INFO] [200] - User accessed webpage successfully
2024-03-16 07:14:28 - [INFO] [200] - Page not found
2024-03-16 07:14:28 - [ERROR] [404] - Internal server error
2024-03-16 07:14:28 - [WARNING] [500] - Page not found
2024-03-16 07:15:28 - [INFO] [200] - Internal server error
2024-03-16 07:15:28 - [INFO] [200] - User accessed webpage successfully
2024-03-16 07:15:28 - [ERROR] [404] - Invalid credentials
2024-03-16 07:15:28 - [WARNING] [500] - User accessed webpage successfully
2024-03-16 07:16:28 - [INFO] [200] - Access denied
2024-03-16 07:16:28 - [INFO] [200] - Page not found
2024-03-16 07:16:28 - [ERROR] [404] - Invalid credentials
2024-03-16 07:16:28 - [WARNING] [500] - Invalid credentials
2024-03-16 07:17:28 - [INFO] [200] - Invalid credentials
2024-03-16 07:17:28 - [INFO] [200] - Access denied
2024-03-16 07:17:28 - [ERROR] [404] - User accessed webpage successfully
2024-03-16 07:17:28 - [WARNING] [500] - Internal server error
2024-03-16 07:18:28 - [INFO] [200] - Invalid credentials
2024-03-16 07:18:28 - [INFO] [200] - Access denied
2024-03-16 07:18:28 - [ERROR] [404] - Access denied
2024-03-16 07:18:28 - [WARNING] [500] - Internal server error
2024-03-16 07:19:28 - [INFO] [200] - Access denied
2024-03-16 07:19:28 - [INFO] [200] - Access denied
2024-03-16 07:19:28 - [ERROR] [404] - Page not found
2024-03-16 07:19:28 - [WARNING] [500] - User accessed webpage successfully
2024-03-16 07:20:28 - [INFO] [200] - Internal server error
2024-03-16 07:20:28 - [INFO] [200] - User accessed webpage successfully
2024-03-16 07:20:28 - [ERROR] [404] - Internal server error
2024-03-16 07:20:28 - [WARNING] [500] - Access denied
2024-03-16 07:21:28 - [INFO] [200] - Page not found
2024-03-16 07:21:28 - [INFO] [200] - Access denied
2024-03-16 07:21:28 - [ERROR] [404] - User accessed webpage successfully
2024-03-16 07:21:28 - [WARNING] [500] - User accessed webpage successfully
2024-03-16 07:22:28 - [INFO] [200] - Invalid credentials
2024-03-16 07:22:28 - [INFO] [200] - Invalid credentials
2024-03-16 07:22:28 - [ERROR] [404] - User accessed webpage successfully
2024-03-16 07:22:28 - [WARNING] [500] - Internal server error
2024-03-16 07:23:28 - [INFO] [200] - Access denied
2024-03-16 07:23:28 - [INFO] [200] - Page not found
2024-03-16 07:23:28 - [ERROR] [404] - Internal server error
2024-03-16 07:23:28 - [WARNING] [500] - Internal server error
2024-03-16 07:24:28 - [INFO] [200] - User accessed webpage successfully
2024-03-16 07:24:28 - [INFO] [200] - Page not found
2024-03-16 07:24:28 - [ERROR] [404] - User accessed webpage successfully
2024-03-16 07:24:28 - [WARNING] [500] - Internal server error
